<?xml version="1.0" encoding="UTF-8"?>
<testsuite time="15.425" failures="0" tests="1" name="tests" >
  <testcase time="15.39" classname="tests" name="test_KO.ta" />
</testsuite>